<?xml version="1.0" encoding="UTF-8"?>
<testng-results ignored="0" total="1" passed="1" failed="0" skipped="0">
  <reporter-output>
  </reporter-output>
  <suite started-at="2023-03-09T10:49:04 IST" name="Default suite" finished-at="2023-03-09T10:49:46 IST" duration-ms="41770">
    <groups>
    </groups>
    <test started-at="2023-03-09T10:49:04 IST" name="Default test" finished-at="2023-03-09T10:49:46 IST" duration-ms="41770">
      <class name="testcases.test00">
        <test-method is-config="true" signature="browserLaunch()[pri:0, instance:testcases.test00@7b36aa0c]" started-at="2023-03-09T10:49:04 IST" name="browserLaunch" finished-at="2023-03-09T10:49:39 IST" duration-ms="35233" status="PASS">
          <reporter-output>
          </reporter-output>
        </test-method> <!-- browserLaunch -->
        <test-method signature="JS_prompt()[pri:0, instance:testcases.test00@7b36aa0c]" started-at="2023-03-09T10:49:39 IST" name="JS_prompt" finished-at="2023-03-09T10:49:46 IST" duration-ms="6522" status="PASS">
          <reporter-output>
          </reporter-output>
        </test-method> <!-- JS_prompt -->
      </class> <!-- testcases.test00 -->
    </test> <!-- Default test -->
  </suite> <!-- Default suite -->
</testng-results>
